[0.980s] Invoking command in '/home/takuma01/ros2_ws/src/mypkg': PYTHONPATH=/home/takuma01/ros2_ws/src/mypkg/install/mypkg/lib/python3.10/site-packages:${PYTHONPATH} /usr/bin/python3 setup.py egg_info --egg-base build/mypkg build --build-base /home/takuma01/ros2_ws/src/mypkg/build/mypkg/build install --prefix /home/takuma01/ros2_ws/src/mypkg/install/mypkg --record /home/takuma01/ros2_ws/src/mypkg/build/mypkg/install.log --single-version-externally-managed
[1.243s] running egg_info
[1.244s] writing build/mypkg/mypkg.egg-info/PKG-INFO
[1.274s] writing dependency_links to build/mypkg/mypkg.egg-info/dependency_links.txt
[1.275s] writing entry points to build/mypkg/mypkg.egg-info/entry_points.txt
[1.275s] writing requirements to build/mypkg/mypkg.egg-info/requires.txt
[1.275s] writing top-level names to build/mypkg/mypkg.egg-info/top_level.txt
[1.282s] reading manifest file 'build/mypkg/mypkg.egg-info/SOURCES.txt'
[1.284s] adding license file 'LICENSE'
[1.286s] writing manifest file 'build/mypkg/mypkg.egg-info/SOURCES.txt'
[1.286s] running build
[1.286s] running build_py
[1.288s] running install
[1.289s] /usr/lib/python3/dist-packages/setuptools/command/install.py:34: SetuptoolsDeprecationWarning: setup.py install is deprecated. Use build and pip and other standards-based tools.
[1.290s]   warnings.warn(
[1.290s] running install_lib
[1.294s] running install_data
[1.297s] running install_egg_info
[1.301s] removing '/home/takuma01/ros2_ws/src/mypkg/install/mypkg/lib/python3.10/site-packages/mypkg-0.0.0-py3.10.egg-info' (and everything under it)
[1.301s] Copying build/mypkg/mypkg.egg-info to /home/takuma01/ros2_ws/src/mypkg/install/mypkg/lib/python3.10/site-packages/mypkg-0.0.0-py3.10.egg-info
[1.303s] running install_scripts
[1.343s] Installing listener script to /home/takuma01/ros2_ws/src/mypkg/install/mypkg/lib/mypkg
[1.344s] Installing talker script to /home/takuma01/ros2_ws/src/mypkg/install/mypkg/lib/mypkg
[1.344s] writing list of installed files to '/home/takuma01/ros2_ws/src/mypkg/build/mypkg/install.log'
[1.384s] Invoked command in '/home/takuma01/ros2_ws/src/mypkg' returned '0': PYTHONPATH=/home/takuma01/ros2_ws/src/mypkg/install/mypkg/lib/python3.10/site-packages:${PYTHONPATH} /usr/bin/python3 setup.py egg_info --egg-base build/mypkg build --build-base /home/takuma01/ros2_ws/src/mypkg/build/mypkg/build install --prefix /home/takuma01/ros2_ws/src/mypkg/install/mypkg --record /home/takuma01/ros2_ws/src/mypkg/build/mypkg/install.log --single-version-externally-managed
