[0.883s] Invoking command in '/home/takuma01/ros2_ws/src/mypkg': PYTHONPATH=/home/takuma01/ros2_ws/src/mypkg/install/mypkg/lib/python3.10/site-packages:${PYTHONPATH} /usr/bin/python3 setup.py egg_info --egg-base build/mypkg build --build-base /home/takuma01/ros2_ws/src/mypkg/build/mypkg/build install --prefix /home/takuma01/ros2_ws/src/mypkg/install/mypkg --record /home/takuma01/ros2_ws/src/mypkg/build/mypkg/install.log --single-version-externally-managed
[1.111s] running egg_info
[1.111s] writing build/mypkg/mypkg.egg-info/PKG-INFO
[1.136s] writing dependency_links to build/mypkg/mypkg.egg-info/dependency_links.txt
[1.137s] writing entry points to build/mypkg/mypkg.egg-info/entry_points.txt
[1.137s] writing requirements to build/mypkg/mypkg.egg-info/requires.txt
[1.137s] writing top-level names to build/mypkg/mypkg.egg-info/top_level.txt
[1.143s] reading manifest file 'build/mypkg/mypkg.egg-info/SOURCES.txt'
[1.144s] adding license file 'LICENSE'
[1.145s] writing manifest file 'build/mypkg/mypkg.egg-info/SOURCES.txt'
[1.145s] running build
[1.145s] running build_py
[1.147s] running install
[1.148s] /usr/lib/python3/dist-packages/setuptools/command/install.py:34: SetuptoolsDeprecationWarning: setup.py install is deprecated. Use build and pip and other standards-based tools.
[1.148s]   warnings.warn(
[1.148s] running install_lib
[1.151s] running install_data
[1.153s] running install_egg_info
[1.156s] removing '/home/takuma01/ros2_ws/src/mypkg/install/mypkg/lib/python3.10/site-packages/mypkg-0.0.0-py3.10.egg-info' (and everything under it)
[1.156s] Copying build/mypkg/mypkg.egg-info to /home/takuma01/ros2_ws/src/mypkg/install/mypkg/lib/python3.10/site-packages/mypkg-0.0.0-py3.10.egg-info
[1.157s] running install_scripts
[1.178s] Installing listener script to /home/takuma01/ros2_ws/src/mypkg/install/mypkg/lib/mypkg
[1.178s] Installing talker script to /home/takuma01/ros2_ws/src/mypkg/install/mypkg/lib/mypkg
[1.179s] writing list of installed files to '/home/takuma01/ros2_ws/src/mypkg/build/mypkg/install.log'
[1.205s] Invoked command in '/home/takuma01/ros2_ws/src/mypkg' returned '0': PYTHONPATH=/home/takuma01/ros2_ws/src/mypkg/install/mypkg/lib/python3.10/site-packages:${PYTHONPATH} /usr/bin/python3 setup.py egg_info --egg-base build/mypkg build --build-base /home/takuma01/ros2_ws/src/mypkg/build/mypkg/build install --prefix /home/takuma01/ros2_ws/src/mypkg/install/mypkg --record /home/takuma01/ros2_ws/src/mypkg/build/mypkg/install.log --single-version-externally-managed
