[0.401s] Invoking command in '/home/takuma01/ros2_ws/src/mypkg': PYTHONPATH=/home/takuma01/ros2_ws/src/mypkg/install/mypkg/lib/python3.10/site-packages:${PYTHONPATH} /usr/bin/python3 setup.py egg_info --egg-base build/mypkg build --build-base /home/takuma01/ros2_ws/src/mypkg/build/mypkg/build install --prefix /home/takuma01/ros2_ws/src/mypkg/install/mypkg --record /home/takuma01/ros2_ws/src/mypkg/build/mypkg/install.log --single-version-externally-managed
[0.534s] running egg_info
[0.534s] writing build/mypkg/mypkg.egg-info/PKG-INFO
[0.535s] writing dependency_links to build/mypkg/mypkg.egg-info/dependency_links.txt
[0.535s] writing entry points to build/mypkg/mypkg.egg-info/entry_points.txt
[0.535s] writing requirements to build/mypkg/mypkg.egg-info/requires.txt
[0.535s] writing top-level names to build/mypkg/mypkg.egg-info/top_level.txt
[0.536s] reading manifest file 'build/mypkg/mypkg.egg-info/SOURCES.txt'
[0.536s] adding license file 'LICENSE'
[0.537s] writing manifest file 'build/mypkg/mypkg.egg-info/SOURCES.txt'
[0.537s] running build
[0.537s] running build_py
[0.537s] copying mypkg/talker.py -> /home/takuma01/ros2_ws/src/mypkg/build/mypkg/build/lib/mypkg
[0.537s] running install
[0.537s] /usr/lib/python3/dist-packages/setuptools/command/install.py:34: SetuptoolsDeprecationWarning: setup.py install is deprecated. Use build and pip and other standards-based tools.
[0.538s]   warnings.warn(
[0.538s] running install_lib
[0.538s] copying /home/takuma01/ros2_ws/src/mypkg/build/mypkg/build/lib/mypkg/talker.py -> /home/takuma01/ros2_ws/src/mypkg/install/mypkg/lib/python3.10/site-packages/mypkg
[0.539s] byte-compiling /home/takuma01/ros2_ws/src/mypkg/install/mypkg/lib/python3.10/site-packages/mypkg/talker.py to talker.cpython-310.pyc
[0.539s] running install_data
[0.539s] running install_egg_info
[0.540s] removing '/home/takuma01/ros2_ws/src/mypkg/install/mypkg/lib/python3.10/site-packages/mypkg-0.0.0-py3.10.egg-info' (and everything under it)
[0.541s] Copying build/mypkg/mypkg.egg-info to /home/takuma01/ros2_ws/src/mypkg/install/mypkg/lib/python3.10/site-packages/mypkg-0.0.0-py3.10.egg-info
[0.541s] running install_scripts
[0.553s] Installing listener script to /home/takuma01/ros2_ws/src/mypkg/install/mypkg/lib/mypkg
[0.554s] Installing talker script to /home/takuma01/ros2_ws/src/mypkg/install/mypkg/lib/mypkg
[0.554s] writing list of installed files to '/home/takuma01/ros2_ws/src/mypkg/build/mypkg/install.log'
[0.570s] Invoked command in '/home/takuma01/ros2_ws/src/mypkg' returned '0': PYTHONPATH=/home/takuma01/ros2_ws/src/mypkg/install/mypkg/lib/python3.10/site-packages:${PYTHONPATH} /usr/bin/python3 setup.py egg_info --egg-base build/mypkg build --build-base /home/takuma01/ros2_ws/src/mypkg/build/mypkg/build install --prefix /home/takuma01/ros2_ws/src/mypkg/install/mypkg --record /home/takuma01/ros2_ws/src/mypkg/build/mypkg/install.log --single-version-externally-managed
