[0.970s] Invoking command in '/home/takuma01/ros2_ws/src/mypkg': PYTHONPATH=/home/takuma01/ros2_ws/src/mypkg/install/mypkg/lib/python3.10/site-packages:${PYTHONPATH} /usr/bin/python3 setup.py egg_info --egg-base build/mypkg build --build-base /home/takuma01/ros2_ws/src/mypkg/build/mypkg/build install --prefix /home/takuma01/ros2_ws/src/mypkg/install/mypkg --record /home/takuma01/ros2_ws/src/mypkg/build/mypkg/install.log --single-version-externally-managed
[1.220s] /usr/lib/python3/dist-packages/setuptools/dist.py:723: UserWarning: Usage of dash-separated 'script-dir' will not be supported in future versions. Please use the underscore name 'script_dir' instead
[1.220s]   warnings.warn(
[1.220s] /usr/lib/python3/dist-packages/setuptools/dist.py:723: UserWarning: Usage of dash-separated 'install-scripts' will not be supported in future versions. Please use the underscore name 'install_scripts' instead
[1.220s]   warnings.warn(
[1.228s] running egg_info
[1.229s] writing build/mypkg/mypkg.egg-info/PKG-INFO
[1.261s] writing dependency_links to build/mypkg/mypkg.egg-info/dependency_links.txt
[1.262s] writing entry points to build/mypkg/mypkg.egg-info/entry_points.txt
[1.262s] writing requirements to build/mypkg/mypkg.egg-info/requires.txt
[1.263s] writing top-level names to build/mypkg/mypkg.egg-info/top_level.txt
[1.268s] reading manifest file 'build/mypkg/mypkg.egg-info/SOURCES.txt'
[1.269s] adding license file 'LICENSE'
[1.271s] writing manifest file 'build/mypkg/mypkg.egg-info/SOURCES.txt'
[1.271s] running build
[1.271s] running build_py
[1.272s] copying mypkg/talker.py -> /home/takuma01/ros2_ws/src/mypkg/build/mypkg/build/lib/mypkg
[1.273s] running install
[1.274s] /usr/lib/python3/dist-packages/setuptools/command/install.py:34: SetuptoolsDeprecationWarning: setup.py install is deprecated. Use build and pip and other standards-based tools.
[1.274s]   warnings.warn(
[1.275s] running install_lib
[1.278s] copying /home/takuma01/ros2_ws/src/mypkg/build/mypkg/build/lib/mypkg/talker.py -> /home/takuma01/ros2_ws/src/mypkg/install/mypkg/lib/python3.10/site-packages/mypkg
[1.279s] byte-compiling /home/takuma01/ros2_ws/src/mypkg/install/mypkg/lib/python3.10/site-packages/mypkg/talker.py to talker.cpython-310.pyc
[1.280s] running install_data
[1.284s] running install_egg_info
[1.287s] removing '/home/takuma01/ros2_ws/src/mypkg/install/mypkg/lib/python3.10/site-packages/mypkg-0.0.0-py3.10.egg-info' (and everything under it)
[1.288s] Copying build/mypkg/mypkg.egg-info to /home/takuma01/ros2_ws/src/mypkg/install/mypkg/lib/python3.10/site-packages/mypkg-0.0.0-py3.10.egg-info
[1.290s] running install_scripts
[1.324s] Installing listener script to /home/takuma01/ros2_ws/src/mypkg/install/mypkg/lib/mypkg
[1.325s] Installing talker script to /home/takuma01/ros2_ws/src/mypkg/install/mypkg/lib/mypkg
[1.325s] writing list of installed files to '/home/takuma01/ros2_ws/src/mypkg/build/mypkg/install.log'
[1.350s] Invoked command in '/home/takuma01/ros2_ws/src/mypkg' returned '0': PYTHONPATH=/home/takuma01/ros2_ws/src/mypkg/install/mypkg/lib/python3.10/site-packages:${PYTHONPATH} /usr/bin/python3 setup.py egg_info --egg-base build/mypkg build --build-base /home/takuma01/ros2_ws/src/mypkg/build/mypkg/build install --prefix /home/takuma01/ros2_ws/src/mypkg/install/mypkg --record /home/takuma01/ros2_ws/src/mypkg/build/mypkg/install.log --single-version-externally-managed
