[0.735s] Invoking command in '/home/takuma01/ros2_ws/src/mypkg': PYTHONPATH=/home/takuma01/ros2_ws/src/mypkg/install/mypkg/lib/python3.10/site-packages:${PYTHONPATH} /usr/bin/python3 setup.py egg_info --egg-base build/mypkg build --build-base /home/takuma01/ros2_ws/src/mypkg/build/mypkg/build install --prefix /home/takuma01/ros2_ws/src/mypkg/install/mypkg --record /home/takuma01/ros2_ws/src/mypkg/build/mypkg/install.log --single-version-externally-managed
[1.003s] running egg_info
[1.003s] writing build/mypkg/mypkg.egg-info/PKG-INFO
[1.004s] writing dependency_links to build/mypkg/mypkg.egg-info/dependency_links.txt
[1.004s] writing entry points to build/mypkg/mypkg.egg-info/entry_points.txt
[1.004s] writing requirements to build/mypkg/mypkg.egg-info/requires.txt
[1.004s] writing top-level names to build/mypkg/mypkg.egg-info/top_level.txt
[1.005s] reading manifest file 'build/mypkg/mypkg.egg-info/SOURCES.txt'
[1.006s] adding license file 'LICENSE'
[1.006s] writing manifest file 'build/mypkg/mypkg.egg-info/SOURCES.txt'
[1.006s] running build
[1.006s] running build_py
[1.007s] running install
[1.007s] /usr/lib/python3/dist-packages/setuptools/command/install.py:34: SetuptoolsDeprecationWarning: setup.py install is deprecated. Use build and pip and other standards-based tools.
[1.007s]   warnings.warn(
[1.007s] running install_lib
[1.008s] running install_data
[1.009s] running install_egg_info
[1.010s] removing '/home/takuma01/ros2_ws/src/mypkg/install/mypkg/lib/python3.10/site-packages/mypkg-0.0.0-py3.10.egg-info' (and everything under it)
[1.011s] Copying build/mypkg/mypkg.egg-info to /home/takuma01/ros2_ws/src/mypkg/install/mypkg/lib/python3.10/site-packages/mypkg-0.0.0-py3.10.egg-info
[1.011s] running install_scripts
[1.031s] Installing listener script to /home/takuma01/ros2_ws/src/mypkg/install/mypkg/lib/mypkg
[1.031s] Installing talker script to /home/takuma01/ros2_ws/src/mypkg/install/mypkg/lib/mypkg
[1.031s] writing list of installed files to '/home/takuma01/ros2_ws/src/mypkg/build/mypkg/install.log'
[1.059s] Invoked command in '/home/takuma01/ros2_ws/src/mypkg' returned '0': PYTHONPATH=/home/takuma01/ros2_ws/src/mypkg/install/mypkg/lib/python3.10/site-packages:${PYTHONPATH} /usr/bin/python3 setup.py egg_info --egg-base build/mypkg build --build-base /home/takuma01/ros2_ws/src/mypkg/build/mypkg/build install --prefix /home/takuma01/ros2_ws/src/mypkg/install/mypkg --record /home/takuma01/ros2_ws/src/mypkg/build/mypkg/install.log --single-version-externally-managed
