[0.645s] Invoking command in '/home/takuma01/ros2_ws/src/mypkg': PYTHONPATH=/home/takuma01/ros2_ws/src/mypkg/install/mypkg/lib/python3.10/site-packages:${PYTHONPATH} /usr/bin/python3 setup.py egg_info --egg-base build/mypkg build --build-base /home/takuma01/ros2_ws/src/mypkg/build/mypkg/build install --prefix /home/takuma01/ros2_ws/src/mypkg/install/mypkg --record /home/takuma01/ros2_ws/src/mypkg/build/mypkg/install.log --single-version-externally-managed
[0.916s] running egg_info
[0.917s] writing build/mypkg/mypkg.egg-info/PKG-INFO
[0.917s] writing dependency_links to build/mypkg/mypkg.egg-info/dependency_links.txt
[0.917s] writing entry points to build/mypkg/mypkg.egg-info/entry_points.txt
[0.917s] writing requirements to build/mypkg/mypkg.egg-info/requires.txt
[0.918s] writing top-level names to build/mypkg/mypkg.egg-info/top_level.txt
[0.919s] reading manifest file 'build/mypkg/mypkg.egg-info/SOURCES.txt'
[0.920s] adding license file 'LICENSE'
[0.921s] writing manifest file 'build/mypkg/mypkg.egg-info/SOURCES.txt'
[0.921s] running build
[0.921s] running build_py
[0.921s] copying mypkg/listener.py -> /home/takuma01/ros2_ws/src/mypkg/build/mypkg/build/lib/mypkg
[0.922s] running install
[0.922s] /usr/lib/python3/dist-packages/setuptools/command/install.py:34: SetuptoolsDeprecationWarning: setup.py install is deprecated. Use build and pip and other standards-based tools.
[0.922s]   warnings.warn(
[0.922s] running install_lib
[0.923s] copying /home/takuma01/ros2_ws/src/mypkg/build/mypkg/build/lib/mypkg/listener.py -> /home/takuma01/ros2_ws/src/mypkg/install/mypkg/lib/python3.10/site-packages/mypkg
[0.923s] Sorry: IndentationError: unexpected indent (listener.py, line 7)
[0.923s] byte-compiling /home/takuma01/ros2_ws/src/mypkg/install/mypkg/lib/python3.10/site-packages/mypkg/listener.py to listener.cpython-310.pyc
[0.924s] running install_data
[0.924s] running install_egg_info
[0.926s] removing '/home/takuma01/ros2_ws/src/mypkg/install/mypkg/lib/python3.10/site-packages/mypkg-0.0.0-py3.10.egg-info' (and everything under it)
[0.926s] Copying build/mypkg/mypkg.egg-info to /home/takuma01/ros2_ws/src/mypkg/install/mypkg/lib/python3.10/site-packages/mypkg-0.0.0-py3.10.egg-info
[0.927s] running install_scripts
[0.949s] Installing listener script to /home/takuma01/ros2_ws/src/mypkg/install/mypkg/lib/mypkg
[0.950s] Installing talker script to /home/takuma01/ros2_ws/src/mypkg/install/mypkg/lib/mypkg
[0.950s] writing list of installed files to '/home/takuma01/ros2_ws/src/mypkg/build/mypkg/install.log'
[0.977s] Invoked command in '/home/takuma01/ros2_ws/src/mypkg' returned '0': PYTHONPATH=/home/takuma01/ros2_ws/src/mypkg/install/mypkg/lib/python3.10/site-packages:${PYTHONPATH} /usr/bin/python3 setup.py egg_info --egg-base build/mypkg build --build-base /home/takuma01/ros2_ws/src/mypkg/build/mypkg/build install --prefix /home/takuma01/ros2_ws/src/mypkg/install/mypkg --record /home/takuma01/ros2_ws/src/mypkg/build/mypkg/install.log --single-version-externally-managed
