[0.864s] Invoking command in '/home/takuma01/ros2_ws/src/mypkg': PYTHONPATH=/home/takuma01/ros2_ws/src/mypkg/install/mypkg/lib/python3.10/site-packages:${PYTHONPATH} /usr/bin/python3 setup.py egg_info --egg-base build/mypkg build --build-base /home/takuma01/ros2_ws/src/mypkg/build/mypkg/build install --prefix /home/takuma01/ros2_ws/src/mypkg/install/mypkg --record /home/takuma01/ros2_ws/src/mypkg/build/mypkg/install.log --single-version-externally-managed
[1.155s] running egg_info
[1.156s] creating build/mypkg/mypkg.egg-info
[1.156s] writing build/mypkg/mypkg.egg-info/PKG-INFO
[1.156s] writing dependency_links to build/mypkg/mypkg.egg-info/dependency_links.txt
[1.156s] writing entry points to build/mypkg/mypkg.egg-info/entry_points.txt
[1.157s] writing requirements to build/mypkg/mypkg.egg-info/requires.txt
[1.157s] writing top-level names to build/mypkg/mypkg.egg-info/top_level.txt
[1.157s] writing manifest file 'build/mypkg/mypkg.egg-info/SOURCES.txt'
[1.158s] reading manifest file 'build/mypkg/mypkg.egg-info/SOURCES.txt'
[1.159s] writing manifest file 'build/mypkg/mypkg.egg-info/SOURCES.txt'
[1.159s] running build
[1.159s] running build_py
[1.160s] creating /home/takuma01/ros2_ws/src/mypkg/build/mypkg/build
[1.160s] creating /home/takuma01/ros2_ws/src/mypkg/build/mypkg/build/lib
[1.160s] creating /home/takuma01/ros2_ws/src/mypkg/build/mypkg/build/lib/mypkg
[1.160s] copying mypkg/talker.py -> /home/takuma01/ros2_ws/src/mypkg/build/mypkg/build/lib/mypkg
[1.160s] copying mypkg/listener.py -> /home/takuma01/ros2_ws/src/mypkg/build/mypkg/build/lib/mypkg
[1.160s] copying mypkg/__init__.py -> /home/takuma01/ros2_ws/src/mypkg/build/mypkg/build/lib/mypkg
[1.160s] running install
[1.189s] /usr/lib/python3/dist-packages/setuptools/command/install.py:34: SetuptoolsDeprecationWarning: setup.py install is deprecated. Use build and pip and other standards-based tools.
[1.190s]   warnings.warn(
[1.190s] running install_lib
[1.192s] creating /home/takuma01/ros2_ws/src/mypkg/install/mypkg/lib/python3.10/site-packages/mypkg
[1.192s] copying /home/takuma01/ros2_ws/src/mypkg/build/mypkg/build/lib/mypkg/talker.py -> /home/takuma01/ros2_ws/src/mypkg/install/mypkg/lib/python3.10/site-packages/mypkg
[1.193s] copying /home/takuma01/ros2_ws/src/mypkg/build/mypkg/build/lib/mypkg/listener.py -> /home/takuma01/ros2_ws/src/mypkg/install/mypkg/lib/python3.10/site-packages/mypkg
[1.193s] copying /home/takuma01/ros2_ws/src/mypkg/build/mypkg/build/lib/mypkg/__init__.py -> /home/takuma01/ros2_ws/src/mypkg/install/mypkg/lib/python3.10/site-packages/mypkg
[1.194s] byte-compiling /home/takuma01/ros2_ws/src/mypkg/install/mypkg/lib/python3.10/site-packages/mypkg/talker.py to talker.cpython-310.pyc
[1.195s] byte-compiling /home/takuma01/ros2_ws/src/mypkg/install/mypkg/lib/python3.10/site-packages/mypkg/listener.py to listener.cpython-310.pyc
[1.196s] byte-compiling /home/takuma01/ros2_ws/src/mypkg/install/mypkg/lib/python3.10/site-packages/mypkg/__init__.py to __init__.cpython-310.pyc
[1.197s] running install_data
[1.198s] creating /home/takuma01/ros2_ws/src/mypkg/install/mypkg/share/ament_index
[1.198s] creating /home/takuma01/ros2_ws/src/mypkg/install/mypkg/share/ament_index/resource_index
[1.199s] creating /home/takuma01/ros2_ws/src/mypkg/install/mypkg/share/ament_index/resource_index/packages
[1.199s] copying resource/mypkg -> /home/takuma01/ros2_ws/src/mypkg/install/mypkg/share/ament_index/resource_index/packages
[1.199s] copying package.xml -> /home/takuma01/ros2_ws/src/mypkg/install/mypkg/share/mypkg
[1.199s] copying launch/talk_listen.launch.py -> /home/takuma01/ros2_ws/src/mypkg/install/mypkg/share/mypkg
[1.200s] running install_egg_info
[1.204s] Copying build/mypkg/mypkg.egg-info to /home/takuma01/ros2_ws/src/mypkg/install/mypkg/lib/python3.10/site-packages/mypkg-0.0.0-py3.10.egg-info
[1.206s] running install_scripts
[1.254s] Installing listener script to /home/takuma01/ros2_ws/src/mypkg/install/mypkg/lib/mypkg
[1.254s] Installing talker script to /home/takuma01/ros2_ws/src/mypkg/install/mypkg/lib/mypkg
[1.254s] writing list of installed files to '/home/takuma01/ros2_ws/src/mypkg/build/mypkg/install.log'
[1.282s] Invoked command in '/home/takuma01/ros2_ws/src/mypkg' returned '0': PYTHONPATH=/home/takuma01/ros2_ws/src/mypkg/install/mypkg/lib/python3.10/site-packages:${PYTHONPATH} /usr/bin/python3 setup.py egg_info --egg-base build/mypkg build --build-base /home/takuma01/ros2_ws/src/mypkg/build/mypkg/build install --prefix /home/takuma01/ros2_ws/src/mypkg/install/mypkg --record /home/takuma01/ros2_ws/src/mypkg/build/mypkg/install.log --single-version-externally-managed
