[0.566s] Invoking command in '/home/takuma01/ros2_ws/src/mypkg': PYTHONPATH=/home/takuma01/ros2_ws/src/mypkg/install/mypkg/lib/python3.10/site-packages:${PYTHONPATH} /usr/bin/python3 setup.py egg_info --egg-base build/mypkg build --build-base /home/takuma01/ros2_ws/src/mypkg/build/mypkg/build install --prefix /home/takuma01/ros2_ws/src/mypkg/install/mypkg --record /home/takuma01/ros2_ws/src/mypkg/build/mypkg/install.log --single-version-externally-managed
[0.785s] running egg_info
[0.786s] writing build/mypkg/mypkg.egg-info/PKG-INFO
[0.786s] writing dependency_links to build/mypkg/mypkg.egg-info/dependency_links.txt
[0.786s] writing entry points to build/mypkg/mypkg.egg-info/entry_points.txt
[0.787s] writing requirements to build/mypkg/mypkg.egg-info/requires.txt
[0.787s] writing top-level names to build/mypkg/mypkg.egg-info/top_level.txt
[0.788s] reading manifest file 'build/mypkg/mypkg.egg-info/SOURCES.txt'
[0.788s] adding license file 'LICENSE'
[0.789s] writing manifest file 'build/mypkg/mypkg.egg-info/SOURCES.txt'
[0.789s] running build
[0.789s] running build_py
[0.789s] running install
[0.789s] /usr/lib/python3/dist-packages/setuptools/command/install.py:34: SetuptoolsDeprecationWarning: setup.py install is deprecated. Use build and pip and other standards-based tools.
[0.789s]   warnings.warn(
[0.790s] running install_lib
[0.791s] running install_data
[0.791s] running install_egg_info
[0.793s] removing '/home/takuma01/ros2_ws/src/mypkg/install/mypkg/lib/python3.10/site-packages/mypkg-0.0.0-py3.10.egg-info' (and everything under it)
[0.793s] Copying build/mypkg/mypkg.egg-info to /home/takuma01/ros2_ws/src/mypkg/install/mypkg/lib/python3.10/site-packages/mypkg-0.0.0-py3.10.egg-info
[0.794s] running install_scripts
[0.815s] Installing listener script to /home/takuma01/ros2_ws/src/mypkg/install/mypkg/lib/mypkg
[0.815s] Installing talker script to /home/takuma01/ros2_ws/src/mypkg/install/mypkg/lib/mypkg
[0.815s] writing list of installed files to '/home/takuma01/ros2_ws/src/mypkg/build/mypkg/install.log'
[0.841s] Invoked command in '/home/takuma01/ros2_ws/src/mypkg' returned '0': PYTHONPATH=/home/takuma01/ros2_ws/src/mypkg/install/mypkg/lib/python3.10/site-packages:${PYTHONPATH} /usr/bin/python3 setup.py egg_info --egg-base build/mypkg build --build-base /home/takuma01/ros2_ws/src/mypkg/build/mypkg/build install --prefix /home/takuma01/ros2_ws/src/mypkg/install/mypkg --record /home/takuma01/ros2_ws/src/mypkg/build/mypkg/install.log --single-version-externally-managed
