[0.396s] Invoking command in '/home/takuma01/ros2_ws/src/mypkg': PYTHONPATH=/home/takuma01/ros2_ws/src/mypkg/install/mypkg/lib/python3.10/site-packages:${PYTHONPATH} /usr/bin/python3 setup.py egg_info --egg-base build/mypkg build --build-base /home/takuma01/ros2_ws/src/mypkg/build/mypkg/build install --prefix /home/takuma01/ros2_ws/src/mypkg/install/mypkg --record /home/takuma01/ros2_ws/src/mypkg/build/mypkg/install.log --single-version-externally-managed
[0.543s] running egg_info
[0.544s] writing build/mypkg/mypkg.egg-info/PKG-INFO
[0.544s] writing dependency_links to build/mypkg/mypkg.egg-info/dependency_links.txt
[0.544s] writing entry points to build/mypkg/mypkg.egg-info/entry_points.txt
[0.544s] writing requirements to build/mypkg/mypkg.egg-info/requires.txt
[0.544s] writing top-level names to build/mypkg/mypkg.egg-info/top_level.txt
[0.546s] reading manifest file 'build/mypkg/mypkg.egg-info/SOURCES.txt'
[0.546s] adding license file 'LICENSE'
[0.546s] writing manifest file 'build/mypkg/mypkg.egg-info/SOURCES.txt'
[0.546s] running build
[0.546s] running build_py
[0.547s] running install
[0.547s] /usr/lib/python3/dist-packages/setuptools/command/install.py:34: SetuptoolsDeprecationWarning: setup.py install is deprecated. Use build and pip and other standards-based tools.
[0.547s]   warnings.warn(
[0.547s] running install_lib
[0.548s] running install_data
[0.548s] running install_egg_info
[0.549s] removing '/home/takuma01/ros2_ws/src/mypkg/install/mypkg/lib/python3.10/site-packages/mypkg-0.0.0-py3.10.egg-info' (and everything under it)
[0.549s] Copying build/mypkg/mypkg.egg-info to /home/takuma01/ros2_ws/src/mypkg/install/mypkg/lib/python3.10/site-packages/mypkg-0.0.0-py3.10.egg-info
[0.550s] running install_scripts
[0.565s] Installing listener script to /home/takuma01/ros2_ws/src/mypkg/install/mypkg/lib/mypkg
[0.565s] Installing talker script to /home/takuma01/ros2_ws/src/mypkg/install/mypkg/lib/mypkg
[0.565s] writing list of installed files to '/home/takuma01/ros2_ws/src/mypkg/build/mypkg/install.log'
[0.581s] Invoked command in '/home/takuma01/ros2_ws/src/mypkg' returned '0': PYTHONPATH=/home/takuma01/ros2_ws/src/mypkg/install/mypkg/lib/python3.10/site-packages:${PYTHONPATH} /usr/bin/python3 setup.py egg_info --egg-base build/mypkg build --build-base /home/takuma01/ros2_ws/src/mypkg/build/mypkg/build install --prefix /home/takuma01/ros2_ws/src/mypkg/install/mypkg --record /home/takuma01/ros2_ws/src/mypkg/build/mypkg/install.log --single-version-externally-managed
