[0.708s] Invoking command in '/home/takuma01/ros2_ws/src/mypkg': PYTHONPATH=/home/takuma01/ros2_ws/src/mypkg/install/mypkg/lib/python3.10/site-packages:${PYTHONPATH} /usr/bin/python3 setup.py egg_info --egg-base build/mypkg build --build-base /home/takuma01/ros2_ws/src/mypkg/build/mypkg/build install --prefix /home/takuma01/ros2_ws/src/mypkg/install/mypkg --record /home/takuma01/ros2_ws/src/mypkg/build/mypkg/install.log --single-version-externally-managed
[0.943s] running egg_info
[0.944s] writing build/mypkg/mypkg.egg-info/PKG-INFO
[0.944s] writing dependency_links to build/mypkg/mypkg.egg-info/dependency_links.txt
[0.944s] writing entry points to build/mypkg/mypkg.egg-info/entry_points.txt
[0.945s] writing requirements to build/mypkg/mypkg.egg-info/requires.txt
[0.945s] writing top-level names to build/mypkg/mypkg.egg-info/top_level.txt
[0.946s] reading manifest file 'build/mypkg/mypkg.egg-info/SOURCES.txt'
[0.947s] adding license file 'LICENSE'
[0.947s] writing manifest file 'build/mypkg/mypkg.egg-info/SOURCES.txt'
[0.947s] running build
[0.947s] running build_py
[0.948s] running install
[0.948s] /usr/lib/python3/dist-packages/setuptools/command/install.py:34: SetuptoolsDeprecationWarning: setup.py install is deprecated. Use build and pip and other standards-based tools.
[0.948s]   warnings.warn(
[0.948s] running install_lib
[0.949s] running install_data
[0.950s] running install_egg_info
[0.951s] removing '/home/takuma01/ros2_ws/src/mypkg/install/mypkg/lib/python3.10/site-packages/mypkg-0.0.0-py3.10.egg-info' (and everything under it)
[0.952s] Copying build/mypkg/mypkg.egg-info to /home/takuma01/ros2_ws/src/mypkg/install/mypkg/lib/python3.10/site-packages/mypkg-0.0.0-py3.10.egg-info
[0.952s] running install_scripts
[0.974s] Installing listener script to /home/takuma01/ros2_ws/src/mypkg/install/mypkg/lib/mypkg
[0.975s] Installing talker script to /home/takuma01/ros2_ws/src/mypkg/install/mypkg/lib/mypkg
[0.975s] writing list of installed files to '/home/takuma01/ros2_ws/src/mypkg/build/mypkg/install.log'
[1.002s] Invoked command in '/home/takuma01/ros2_ws/src/mypkg' returned '0': PYTHONPATH=/home/takuma01/ros2_ws/src/mypkg/install/mypkg/lib/python3.10/site-packages:${PYTHONPATH} /usr/bin/python3 setup.py egg_info --egg-base build/mypkg build --build-base /home/takuma01/ros2_ws/src/mypkg/build/mypkg/build install --prefix /home/takuma01/ros2_ws/src/mypkg/install/mypkg --record /home/takuma01/ros2_ws/src/mypkg/build/mypkg/install.log --single-version-externally-managed
